# JRE version: Java(TM) SE Runtime Environment (8.0_51-b16) (build 1.8.0_51-b16)
# Java VM: Java HotSpot(TM) 64-Bit Server VM (25.51-b03 mixed mode windows-amd64 compressed oops)
Heap:
 PSYoungGen      total 156672K, used 145973K [0x000000076c200000, 0x000000077a780000, 0x00000007c0000000)
  eden space 138752K, 99% used [0x000000076c200000,0x00000007748ae790,0x0000000774980000)
  from space 17920K, 44% used [0x0000000774980000,0x000000077515ef30,0x0000000775b00000)
  to   space 17408K, 0% used [0x0000000779680000,0x0000000779680000,0x000000077a780000)
 ParOldGen       total 170496K, used 20795K [0x00000006c4600000, 0x00000006cec80000, 0x000000076c200000)
  object space 170496K, 12% used [0x00000006c4600000,0x00000006c5a4ee88,0x00000006cec80000)
 Metaspace       used 40858K, capacity 41546K, committed 41600K, reserved 1085440K
  class space    used 5066K, capacity 5245K, committed 5248K, reserved 1048576K
GC Heap History (10 events):
Event: 9.977 GC heap before
{Heap before GC invocations=5 (full 1):
 PSYoungGen      total 75264K, used 69928K [0x000000076c200000, 0x0000000773280000, 0x00000007c0000000)
  eden space 64512K, 100% used [0x000000076c200000,0x0000000770100000,0x0000000770100000)
  from space 10752K, 50% used [0x0000000770100000,0x000000077064a218,0x0000000770b80000)
  to   space 10752K, 0% used [0x0000000772800000,0x0000000772800000,0x0000000773280000)
 ParOldGen       total 104448K, used 8388K [0x00000006c4600000, 0x00000006cac00000, 0x000000076c200000)
  object space 104448K, 8% used [0x00000006c4600000,0x00000006c4e312b0,0x00000006cac00000)
 Metaspace       used 25995K, capacity 26374K, committed 26624K, reserved 1073152K
  class space    used 3213K, capacity 3310K, committed 3328K, reserved 1048576K
Event: 9.986 GC heap after
Heap after GC invocations=5 (full 1):
 PSYoungGen      total 104448K, used 7368K [0x000000076c200000, 0x0000000773300000, 0x00000007c0000000)
  eden space 93696K, 0% used [0x000000076c200000,0x000000076c200000,0x0000000771d80000)
  from space 10752K, 68% used [0x0000000772800000,0x0000000772f32318,0x0000000773280000)
  to   space 10752K, 0% used [0x0000000771d80000,0x0000000771d80000,0x0000000772800000)
 ParOldGen       total 104448K, used 8396K [0x00000006c4600000, 0x00000006cac00000, 0x000000076c200000)
  object space 104448K, 8% used [0x00000006c4600000,0x00000006c4e332b0,0x00000006cac00000)
 Metaspace       used 25995K, capacity 26374K, committed 26624K, reserved 1073152K
  class space    used 3213K, capacity 3310K, committed 3328K, reserved 1048576K
}
Event: 11.954 GC heap before
{Heap before GC invocations=6 (full 1):
 PSYoungGen      total 104448K, used 101064K [0x000000076c200000, 0x0000000773300000, 0x00000007c0000000)
  eden space 93696K, 100% used [0x000000076c200000,0x0000000771d80000,0x0000000771d80000)
  from space 10752K, 68% used [0x0000000772800000,0x0000000772f32318,0x0000000773280000)
  to   space 10752K, 0% used [0x0000000771d80000,0x0000000771d80000,0x0000000772800000)
 ParOldGen       total 104448K, used 8396K [0x00000006c4600000, 0x00000006cac00000, 0x000000076c200000)
  object space 104448K, 8% used [0x00000006c4600000,0x00000006c4e332b0,0x00000006cac00000)
 Metaspace       used 32381K, capacity 32822K, committed 33024K, reserved 1079296K
  class space    used 3992K, capacity 4086K, committed 4096K, reserved 1048576K
Event: 11.973 GC heap after
Heap after GC invocations=6 (full 1):
 PSYoungGen      total 104448K, used 10750K [0x000000076c200000, 0x0000000776a80000, 0x00000007c0000000)
  eden space 93696K, 0% used [0x000000076c200000,0x000000076c200000,0x0000000771d80000)
  from space 10752K, 99% used [0x0000000771d80000,0x00000007727ff838,0x0000000772800000)
  to   space 15872K, 0% used [0x0000000775b00000,0x0000000775b00000,0x0000000776a80000)
 ParOldGen       total 104448K, used 14422K [0x00000006c4600000, 0x00000006cac00000, 0x000000076c200000)
  object space 104448K, 13% used [0x00000006c4600000,0x00000006c5415af0,0x00000006cac00000)
 Metaspace       used 32381K, capacity 32822K, committed 33024K, reserved 1079296K
  class space    used 3992K, capacity 4086K, committed 4096K, reserved 1048576K
}
Event: 13.460 GC heap before
{Heap before GC invocations=7 (full 1):
 PSYoungGen      total 104448K, used 69995K [0x000000076c200000, 0x0000000776a80000, 0x00000007c0000000)
  eden space 93696K, 63% used [0x000000076c200000,0x000000076fbdb6a8,0x0000000771d80000)
  from space 10752K, 99% used [0x0000000771d80000,0x00000007727ff838,0x0000000772800000)
  to   space 15872K, 0% used [0x0000000775b00000,0x0000000775b00000,0x0000000776a80000)
 ParOldGen       total 104448K, used 14422K [0x00000006c4600000, 0x00000006cac00000, 0x000000076c200000)
  object space 104448K, 13% used [0x00000006c4600000,0x00000006c5415af0,0x00000006cac00000)
 Metaspace       used 34886K, capacity 35326K, committed 35456K, reserved 1081344K
  class space    used 4317K, capacity 4447K, committed 4480K, reserved 1048576K
Event: 13.503 GC heap after
Heap after GC invocations=7 (full 1):
 PSYoungGen      total 154624K, used 14764K [0x000000076c200000, 0x0000000777c00000, 0x00000007c0000000)
  eden space 138752K, 0% used [0x000000076c200000,0x000000076c200000,0x0000000774980000)
  from space 15872K, 93% used [0x0000000775b00000,0x000000077696b0b0,0x0000000776a80000)
  to   space 17920K, 0% used [0x0000000774980000,0x0000000774980000,0x0000000775b00000)
 ParOldGen       total 104448K, used 14430K [0x00000006c4600000, 0x00000006cac00000, 0x000000076c200000)
  object space 104448K, 13% used [0x00000006c4600000,0x00000006c5417af0,0x00000006cac00000)
 Metaspace       used 34886K, capacity 35326K, committed 35456K, reserved 1081344K
  class space    used 4317K, capacity 4447K, committed 4480K, reserved 1048576K
}
Event: 13.503 GC heap before
{Heap before GC invocations=8 (full 2):
 PSYoungGen      total 154624K, used 14764K [0x000000076c200000, 0x0000000777c00000, 0x00000007c0000000)
  eden space 138752K, 0% used [0x000000076c200000,0x000000076c200000,0x0000000774980000)
  from space 15872K, 93% used [0x0000000775b00000,0x000000077696b0b0,0x0000000776a80000)
  to   space 17920K, 0% used [0x0000000774980000,0x0000000774980000,0x0000000775b00000)
 ParOldGen       total 104448K, used 14430K [0x00000006c4600000, 0x00000006cac00000, 0x000000076c200000)
  object space 104448K, 13% used [0x00000006c4600000,0x00000006c5417af0,0x00000006cac00000)
 Metaspace       used 34886K, capacity 35326K, committed 35456K, reserved 1081344K
  class space    used 4317K, capacity 4447K, committed 4480K, reserved 1048576K
Event: 13.647 GC heap after
Heap after GC invocations=8 (full 2):
 PSYoungGen      total 154624K, used 0K [0x000000076c200000, 0x0000000777c00000, 0x00000007c0000000)
  eden space 138752K, 0% used [0x000000076c200000,0x000000076c200000,0x0000000774980000)
  from space 15872K, 0% used [0x0000000775b00000,0x0000000775b00000,0x0000000776a80000)
  to   space 17920K, 0% used [0x0000000774980000,0x0000000774980000,0x0000000775b00000)
 ParOldGen       total 170496K, used 20787K [0x00000006c4600000, 0x00000006cec80000, 0x000000076c200000)
  object space 170496K, 12% used [0x00000006c4600000,0x00000006c5a4ce88,0x00000006cec80000)
 Metaspace       used 34886K, capacity 35326K, committed 35456K, reserved 1081344K
  class space    used 4317K, capacity 4447K, committed 4480K, reserved 1048576K
}
Event: 16.411 GC heap before
{Heap before GC invocations=9 (full 2):
 PSYoungGen      total 154624K, used 138752K [0x000000076c200000, 0x0000000777c00000, 0x00000007c0000000)
  eden space 138752K, 100% used [0x000000076c200000,0x0000000774980000,0x0000000774980000)
  from space 15872K, 0% used [0x0000000775b00000,0x0000000775b00000,0x0000000776a80000)
  to   space 17920K, 0% used [0x0000000774980000,0x0000000774980000,0x0000000775b00000)
 ParOldGen       total 170496K, used 20787K [0x00000006c4600000, 0x00000006cec80000, 0x000000076c200000)
  object space 170496K, 12% used [0x00000006c4600000,0x00000006c5a4ce88,0x00000006cec80000)
 Metaspace       used 38212K, capacity 38644K, committed 39040K, reserved 1083392K
  class space    used 4770K, capacity 4904K, committed 4992K, reserved 1048576K
Event: 16.423 GC heap after
Heap after GC invocations=9 (full 2):
 PSYoungGen      total 156672K, used 8059K [0x000000076c200000, 0x000000077a780000, 0x00000007c0000000)
  eden space 138752K, 0% used [0x000000076c200000,0x000000076c200000,0x0000000774980000)
  from space 17920K, 44% used [0x0000000774980000,0x000000077515ef30,0x0000000775b00000)
  to   space 17408K, 0% used [0x0000000779680000,0x0000000779680000,0x000000077a780000)
 ParOldGen       total 170496K, used 20795K [0x00000006c4600000, 0x00000006cec80000, 0x000000076c200000)
  object space 170496K, 12% used [0x00000006c4600000,0x00000006c5a4ee88,0x00000006cec80000)
 Metaspace       used 38212K, capacity 38644K, committed 39040K, reserved 1083392K
  class space    used 4770K, capacity 4904K, committed 4992K, reserved 1048576K
}

